2021-04-24 15:12:24.097 debug 7004 --- [main] com.jin.springboot.StartApplication      : Starting StartApplication using Java 11.0.10 on X260 with PID 7004 (D:\IT\Projects\GitHub\springboot\target\classes started by James in D:\IT\Projects\GitHub\springboot)
2021-04-24 15:12:24.099 debug 7004 --- [main] com.jin.springboot.StartApplication      : The following profiles are active: dev
2021-04-24 15:12:26.190 debug 7004 --- [main] o.s.b.w.embedded.tomcat.TomcatWebServer  : Tomcat initialized with port(s): 8081 (http)
2021-04-24 15:12:26.204 debug 7004 --- [main] o.apache.catalina.core.StandardService   : Starting service [Tomcat]
2021-04-24 15:12:26.205 debug 7004 --- [main] org.apache.catalina.core.StandardEngine  : Starting Servlet engine: [Apache Tomcat/9.0.44]
2021-04-24 15:12:26.207 debug 7004 --- [main] o.a.catalina.core.AprLifecycleListener   : Loaded Apache Tomcat Native library [1.2.27] using APR version [1.7.0].
2021-04-24 15:12:26.208 debug 7004 --- [main] o.a.catalina.core.AprLifecycleListener   : APR capabilities: IPv6 [true], sendfile [true], accept filters [false], random [true].
2021-04-24 15:12:26.208 debug 7004 --- [main] o.a.catalina.core.AprLifecycleListener   : APR/OpenSSL configuration: useAprConnector [false], useOpenSSL [true]
2021-04-24 15:12:26.214 debug 7004 --- [main] o.a.catalina.core.AprLifecycleListener   : OpenSSL successfully initialized [OpenSSL 1.1.1k  25 Mar 2021]
2021-04-24 15:12:26.311 debug 7004 --- [main] o.a.c.c.C.[Tomcat].[localhost].[/]       : Initializing Spring embedded WebApplicationContext
2021-04-24 15:12:26.311 debug 7004 --- [main] w.s.c.ServletWebServerApplicationContext : Root WebApplicationContext: initialization completed in 2091 ms
2021-04-24 15:12:26.541 debug 7004 --- [main] o.s.s.concurrent.ThreadPoolTaskExecutor  : Initializing ExecutorService 'applicationTaskExecutor'
2021-04-24 15:12:26.742 debug 7004 --- [main] ion$DefaultTemplateResolverConfiguration : Cannot find template location: classpath:/templates/ (please add some templates or check your Thymeleaf configuration)
2021-04-24 15:12:26.959 debug 7004 --- [main] o.s.b.a.f.FreeMarkerAutoConfiguration    : Cannot find template location(s): [classpath:/templates/] (please add some templates, check your FreeMarker configuration, or set spring.freemarker.checkTemplateLocation=false)
2021-04-24 15:12:27.058 debug 7004 --- [main] o.s.b.w.embedded.tomcat.TomcatWebServer  : Tomcat started on port(s): 8081 (http) with context path ''
2021-04-24 15:12:27.078 debug 7004 --- [main] com.jin.springboot.StartApplication      : Started StartApplication in 4.38 seconds (JVM running for 6.742)
2021-04-24 16:00:05.530 debug 6640 --- [main] com.jin.springboot.StartApplication      : Starting StartApplication using Java 11.0.10 on X260 with PID 6640 (D:\IT\Projects\GitHub\springboot\target\classes started by James in D:\IT\Projects\GitHub\springboot)
2021-04-24 16:00:05.543 debug 6640 --- [main] com.jin.springboot.StartApplication      : The following profiles are active: prod
2021-04-24 16:00:08.200 debug 6640 --- [main] o.s.b.w.embedded.tomcat.TomcatWebServer  : Tomcat initialized with port(s): 8080 (http)
2021-04-24 16:00:08.218 debug 6640 --- [main] o.apache.catalina.core.StandardService   : Starting service [Tomcat]
2021-04-24 16:00:08.218 debug 6640 --- [main] org.apache.catalina.core.StandardEngine  : Starting Servlet engine: [Apache Tomcat/9.0.44]
2021-04-24 16:00:08.222 debug 6640 --- [main] o.a.catalina.core.AprLifecycleListener   : Loaded Apache Tomcat Native library [1.2.27] using APR version [1.7.0].
2021-04-24 16:00:08.222 debug 6640 --- [main] o.a.catalina.core.AprLifecycleListener   : APR capabilities: IPv6 [true], sendfile [true], accept filters [false], random [true].
2021-04-24 16:00:08.223 debug 6640 --- [main] o.a.catalina.core.AprLifecycleListener   : APR/OpenSSL configuration: useAprConnector [false], useOpenSSL [true]
2021-04-24 16:00:08.227 debug 6640 --- [main] o.a.catalina.core.AprLifecycleListener   : OpenSSL successfully initialized [OpenSSL 1.1.1k  25 Mar 2021]
2021-04-24 16:00:08.321 debug 6640 --- [main] o.a.c.c.C.[Tomcat].[localhost].[/]       : Initializing Spring embedded WebApplicationContext
2021-04-24 16:00:08.322 debug 6640 --- [main] w.s.c.ServletWebServerApplicationContext : Root WebApplicationContext: initialization completed in 2476 ms
2021-04-24 16:00:08.623 debug 6640 --- [main] o.s.s.concurrent.ThreadPoolTaskExecutor  : Initializing ExecutorService 'applicationTaskExecutor'
2021-04-24 16:00:08.727 debug 6640 --- [main] o.s.b.a.w.s.WelcomePageHandlerMapping    : Adding welcome page template: index
2021-04-24 16:00:08.964 debug 6640 --- [main] ion$DefaultTemplateResolverConfiguration : Cannot find template location: classpath:/templates/ (please add some templates or check your Thymeleaf configuration)
2021-04-24 16:00:09.246 debug 6640 --- [main] o.s.b.w.embedded.tomcat.TomcatWebServer  : Tomcat started on port(s): 8080 (http) with context path ''
2021-04-24 16:00:09.266 debug 6640 --- [main] com.jin.springboot.StartApplication      : Started StartApplication in 4.982 seconds (JVM running for 7.228)
2021-04-24 16:00:19.087 debug 6640 --- [http-nio-8080-exec-1] o.a.c.c.C.[Tomcat].[localhost].[/]       : Initializing Spring DispatcherServlet 'dispatcherServlet'
2021-04-24 16:00:19.088 debug 6640 --- [http-nio-8080-exec-1] o.s.web.servlet.DispatcherServlet        : Initializing Servlet 'dispatcherServlet'
2021-04-24 16:00:19.089 debug 6640 --- [http-nio-8080-exec-1] o.s.web.servlet.DispatcherServlet        : Completed initialization in 1 ms
